# JRE version: Java(TM) SE Runtime Environment (7.0_80-b15) (build 1.7.0_80-b15)
# Java VM: Java HotSpot(TM) 64-Bit Server VM (24.80-b11 mixed mode windows-amd64 compressed oops)
Heap
 PSYoungGen      total 346624K, used 0K [0x00000007c0900000, 0x00000007d6100000, 0x0000000800000000)
  eden space 342016K, 0% used [0x00000007c0900000,0x00000007c0900000,0x00000007d5700000)
  from space 4608K, 0% used [0x00000007d5c80000,0x00000007d5c80000,0x00000007d6100000)
  to   space 5120K, 0% used [0x00000007d5700000,0x00000007d5700000,0x00000007d5c00000)
 ParOldGen       total 1829888K, used 62643K [0x0000000741c00000, 0x00000007c0900000, 0x00000007c0900000)
  object space 1829888K, 3% used [0x0000000741c00000,0x000000074592cdb8,0x00000007b1700000)
 PSPermGen       total 83968K, used 83966K [0x000000073ca00000, 0x0000000741c00000, 0x0000000741c00000)
  object space 83968K, 99% used [0x000000073ca00000,0x0000000741bffb70,0x0000000741c00000)
GC Heap History (10 events):
Event: 76.294 GC heap after
Heap after GC invocations=65 (full 17):
 PSYoungGen      total 346112K, used 96K [0x00000007c0900000, 0x00000007d6180000, 0x0000000800000000)
  eden space 340480K, 0% used [0x00000007c0900000,0x00000007c0900000,0x00000007d5580000)
  from space 5632K, 1% used [0x00000007d5c00000,0x00000007d5c18000,0x00000007d6180000)
  to   space 6144K, 0% used [0x00000007d5580000,0x00000007d5580000,0x00000007d5b80000)
 ParOldGen       total 1829888K, used 62671K [0x0000000741c00000, 0x00000007b1700000, 0x00000007c0900000)
  object space 1829888K, 3% used [0x0000000741c00000,0x0000000745933e60,0x00000007b1700000)
 PSPermGen       total 83968K, used 83967K [0x000000073ca00000, 0x0000000741c00000, 0x0000000741c00000)
  object space 83968K, 99% used [0x000000073ca00000,0x0000000741bffe38,0x0000000741c00000)
}
Event: 76.294 GC heap before
{Heap before GC invocations=66 (full 18):
 PSYoungGen      total 346112K, used 96K [0x00000007c0900000, 0x00000007d6180000, 0x0000000800000000)
  eden space 340480K, 0% used [0x00000007c0900000,0x00000007c0900000,0x00000007d5580000)
  from space 5632K, 1% used [0x00000007d5c00000,0x00000007d5c18000,0x00000007d6180000)
  to   space 6144K, 0% used [0x00000007d5580000,0x00000007d5580000,0x00000007d5b80000)
 ParOldGen       total 1829888K, used 62671K [0x0000000741c00000, 0x00000007b1700000, 0x00000007c0900000)
  object space 1829888K, 3% used [0x0000000741c00000,0x0000000745933e60,0x00000007b1700000)
 PSPermGen       total 83968K, used 83967K [0x000000073ca00000, 0x0000000741c00000, 0x0000000741c00000)
  object space 83968K, 99% used [0x000000073ca00000,0x0000000741bffe38,0x0000000741c00000)
Event: 76.399 GC heap after
Heap after GC invocations=66 (full 18):
 PSYoungGen      total 346112K, used 0K [0x00000007c0900000, 0x00000007d6180000, 0x0000000800000000)
  eden space 340480K, 0% used [0x00000007c0900000,0x00000007c0900000,0x00000007d5580000)
  from space 5632K, 0% used [0x00000007d5c00000,0x00000007d5c00000,0x00000007d6180000)
  to   space 6144K, 0% used [0x00000007d5580000,0x00000007d5580000,0x00000007d5b80000)
 ParOldGen       total 1829888K, used 62655K [0x0000000741c00000, 0x00000007b1700000, 0x00000007c0900000)
  object space 1829888K, 3% used [0x0000000741c00000,0x000000074592fe10,0x00000007b1700000)
 PSPermGen       total 83968K, used 83967K [0x000000073ca00000, 0x0000000741c00000, 0x0000000741c00000)
  object space 83968K, 99% used [0x000000073ca00000,0x0000000741bffe38,0x0000000741c00000)
}
Event: 76.399 GC heap before
{Heap before GC invocations=67 (full 18):
 PSYoungGen      total 346112K, used 0K [0x00000007c0900000, 0x00000007d6180000, 0x0000000800000000)
  eden space 340480K, 0% used [0x00000007c0900000,0x00000007c0900000,0x00000007d5580000)
  from space 5632K, 0% used [0x00000007d5c00000,0x00000007d5c00000,0x00000007d6180000)
  to   space 6144K, 0% used [0x00000007d5580000,0x00000007d5580000,0x00000007d5b80000)
 ParOldGen       total 1829888K, used 62655K [0x0000000741c00000, 0x00000007b1700000, 0x00000007c0900000)
  object space 1829888K, 3% used [0x0000000741c00000,0x000000074592fe10,0x00000007b1700000)
 PSPermGen       total 83968K, used 83967K [0x000000073ca00000, 0x0000000741c00000, 0x0000000741c00000)
  object space 83968K, 99% used [0x000000073ca00000,0x0000000741bffe38,0x0000000741c00000)
Event: 76.401 GC heap after
Heap after GC invocations=67 (full 18):
 PSYoungGen      total 346624K, used 0K [0x00000007c0900000, 0x00000007d6200000, 0x0000000800000000)
  eden space 340480K, 0% used [0x00000007c0900000,0x00000007c0900000,0x00000007d5580000)
  from space 6144K, 0% used [0x00000007d5580000,0x00000007d5580000,0x00000007d5b80000)
  to   space 5632K, 0% used [0x00000007d5c80000,0x00000007d5c80000,0x00000007d6200000)
 ParOldGen       total 1829888K, used 62655K [0x0000000741c00000, 0x00000007b1700000, 0x00000007c0900000)
  object space 1829888K, 3% used [0x0000000741c00000,0x000000074592fe10,0x00000007b1700000)
 PSPermGen       total 83968K, used 83967K [0x000000073ca00000, 0x0000000741c00000, 0x0000000741c00000)
  object space 83968K, 99% used [0x000000073ca00000,0x0000000741bffe38,0x0000000741c00000)
}
Event: 76.401 GC heap before
{Heap before GC invocations=68 (full 19):
 PSYoungGen      total 346624K, used 0K [0x00000007c0900000, 0x00000007d6200000, 0x0000000800000000)
  eden space 340480K, 0% used [0x00000007c0900000,0x00000007c0900000,0x00000007d5580000)
  from space 6144K, 0% used [0x00000007d5580000,0x00000007d5580000,0x00000007d5b80000)
  to   space 5632K, 0% used [0x00000007d5c80000,0x00000007d5c80000,0x00000007d6200000)
 ParOldGen       total 1829888K, used 62655K [0x0000000741c00000, 0x00000007b1700000, 0x00000007c0900000)
  object space 1829888K, 3% used [0x0000000741c00000,0x000000074592fe10,0x00000007b1700000)
 PSPermGen       total 83968K, used 83967K [0x000000073ca00000, 0x0000000741c00000, 0x0000000741c00000)
  object space 83968K, 99% used [0x000000073ca00000,0x0000000741bffe38,0x0000000741c00000)
Event: 76.592 GC heap after
Heap after GC invocations=68 (full 19):
 PSYoungGen      total 346624K, used 0K [0x00000007c0900000, 0x00000007d6200000, 0x0000000800000000)
  eden space 340480K, 0% used [0x00000007c0900000,0x00000007c0900000,0x00000007d5580000)
  from space 6144K, 0% used [0x00000007d5580000,0x00000007d5580000,0x00000007d5b80000)
  to   space 5632K, 0% used [0x00000007d5c80000,0x00000007d5c80000,0x00000007d6200000)
 ParOldGen       total 1829888K, used 62651K [0x0000000741c00000, 0x00000007b1700000, 0x00000007c0900000)
  object space 1829888K, 3% used [0x0000000741c00000,0x000000074592ed38,0x00000007b1700000)
 PSPermGen       total 83968K, used 83967K [0x000000073ca00000, 0x0000000741c00000, 0x0000000741c00000)
  object space 83968K, 99% used [0x000000073ca00000,0x0000000741bffe38,0x0000000741c00000)
}
Event: 76.593 GC heap before
{Heap before GC invocations=69 (full 19):
 PSYoungGen      total 346624K, used 5496K [0x00000007c0900000, 0x00000007d6200000, 0x0000000800000000)
  eden space 340480K, 1% used [0x00000007c0900000,0x00000007c0e5e070,0x00000007d5580000)
  from space 6144K, 0% used [0x00000007d5580000,0x00000007d5580000,0x00000007d5b80000)
  to   space 5632K, 0% used [0x00000007d5c80000,0x00000007d5c80000,0x00000007d6200000)
 ParOldGen       total 1829888K, used 62651K [0x0000000741c00000, 0x00000007b1700000, 0x00000007c0900000)
  object space 1829888K, 3% used [0x0000000741c00000,0x000000074592ed38,0x00000007b1700000)
 PSPermGen       total 83968K, used 83967K [0x000000073ca00000, 0x0000000741c00000, 0x0000000741c00000)
  object space 83968K, 99% used [0x000000073ca00000,0x0000000741bffff8,0x0000000741c00000)
Event: 76.595 GC heap after
Heap after GC invocations=69 (full 19):
 PSYoungGen      total 346624K, used 128K [0x00000007c0900000, 0x00000007d6100000, 0x0000000800000000)
  eden space 342016K, 0% used [0x00000007c0900000,0x00000007c0900000,0x00000007d5700000)
  from space 4608K, 2% used [0x00000007d5c80000,0x00000007d5ca0000,0x00000007d6100000)
  to   space 5120K, 0% used [0x00000007d5700000,0x00000007d5700000,0x00000007d5c00000)
 ParOldGen       total 1829888K, used 62651K [0x0000000741c00000, 0x00000007b1700000, 0x00000007c0900000)
  object space 1829888K, 3% used [0x0000000741c00000,0x000000074592ed38,0x00000007b1700000)
 PSPermGen       total 83968K, used 83967K [0x000000073ca00000, 0x0000000741c00000, 0x0000000741c00000)
  object space 83968K, 99% used [0x000000073ca00000,0x0000000741bffff8,0x0000000741c00000)
}
Event: 76.595 GC heap before
{Heap before GC invocations=70 (full 20):
 PSYoungGen      total 346624K, used 128K [0x00000007c0900000, 0x00000007d6100000, 0x0000000800000000)
  eden space 342016K, 0% used [0x00000007c0900000,0x00000007c0900000,0x00000007d5700000)
  from space 4608K, 2% used [0x00000007d5c80000,0x00000007d5ca0000,0x00000007d6100000)
  to   space 5120K, 0% used [0x00000007d5700000,0x00000007d5700000,0x00000007d5c00000)
 ParOldGen       total 1829888K, used 62651K [0x0000000741c00000, 0x00000007b1700000, 0x00000007c0900000)
  object space 1829888K, 3% used [0x0000000741c00000,0x000000074592ed38,0x00000007b1700000)
 PSPermGen       total 83968K, used 83967K [0x000000073ca00000, 0x0000000741c00000, 0x0000000741c00000)
  object space 83968K, 99% used [0x000000073ca00000,0x0000000741bffff8,0x0000000741c00000)

